<?xml version="1.0" encoding="UTF-8"?>
<!-- Generated by org.testng.reporters.JUnitXMLReporter -->
<testsuite ignored="0" hostname="DESKTOP-JAGJMDO" failures="0" tests="4" name="OrangeCrm" time="49.346" errors="0" timestamp="2024-09-23T19:55:23 IST">
  <testcase classname="testCases.EmpCreationPagewithJSON" name="CreateEmp" time="16.569"/>
  <testcase classname="testCases.EmpCreationPagewithJSON" name="login" time="5.696"/>
  <testcase classname="testCases.LoginPage" name="ValidLogin" time="6.652"/>
  <testcase classname="testCases.LoginPage" name="InValidLogin" time="6.056"/>
</testsuite> <!-- OrangeCrm -->
