<?xml version="1.0" encoding="UTF-8"?>
<testsuite xmlns:xsi="http://www.w3.org/2001/XMLSchema-instance" xsi:noNamespaceSchemaLocation="https://maven.apache.org/surefire/maven-surefire-plugin/xsd/surefire-test-report-3.0.xsd" version="3.0" name="TestSuite" time="69.124" tests="4" errors="0" skipped="0" failures="0">
  <properties>
[...]
</properties>
  <testcase name="CreateEmp" classname="testCases.EmpCreationPagewithJSON" time="18.366">
    <system-out><![CDATA[PIM is Disabletrue
New ID Creation Details below : 
Emp Name isMajnu
Emp Name isKadam
Emp Code isnull
Emp New Username : Majnu
Emp New Password : Kdmin123
]]></system-out>
    <system-err><![CDATA[SLF4J(W): No SLF4J providers were found.
SLF4J(W): Defaulting to no-operation (NOP) logger implementation
SLF4J(W): See https://www.slf4j.org/codes.html#noProviders for further details.
SLF4J(W): Class path contains SLF4J bindings targeting slf4j-api versions 1.7.x or earlier.
SLF4J(W): Ignoring binding found at [jar:file:/C:/Users/LENOVO/.m2/repository/org/apache/logging/log4j/log4j-slf4j-impl/2.23.1/log4j-slf4j-impl-2.23.1.jar!/org/slf4j/impl/StaticLoggerBinder.class]
SLF4J(W): See https://www.slf4j.org/codes.html#ignoredBindings for an explanation.
Sep 25, 2024 8:59:35 PM org.openqa.selenium.devtools.CdpVersionFinder findNearestMatch
WARNING: Unable to find an exact match for CDP version 129, returning the closest version; found: 126; Please update to a Selenium version that supports CDP version 129
]]></system-err>
  </testcase>
  <testcase name="loginwithNewEmp" classname="testCases.EmpCreationPagewithJSON" time="7.179">
    <system-out><![CDATA[New EMP login Sussessfully
]]></system-out>
  </testcase>
  <testcase name="ValidLogin" classname="testCases.LoginPage" time="7.244">
    <system-out><![CDATA[login Sucssefully Done
]]></system-out>
    <system-err><![CDATA[Sep 25, 2024 9:00:12 PM org.openqa.selenium.devtools.CdpVersionFinder findNearestMatch
WARNING: Unable to find an exact match for CDP version 129, returning the closest version; found: 126; Please update to a Selenium version that supports CDP version 129
]]></system-err>
  </testcase>
  <testcase name="InValidLogin" classname="testCases.LoginPage" time="7.744">
    <system-out><![CDATA[Invalid Password
]]></system-out>
  </testcase>
</testsuite>