<?xml version="1.0" encoding="UTF-8"?>
<testng-results ignored="0" total="4" passed="4" failed="0" skipped="0">
  <reporter-output>
  </reporter-output>
  <suite started-at="2024-09-26T12:41:22 IST" name="OrangeCrmTestCases" finished-at="2024-09-26T12:42:39 IST" duration-ms="76475">
    <groups>
    </groups>
    <test started-at="2024-09-26T12:41:22 IST" name="OrangeCrm" finished-at="2024-09-26T12:42:39 IST" duration-ms="76475">
      <class name="testCases.LoginPage">
        <test-method is-config="true" signature="Setup()[pri:0, instance:testCases.LoginPage@4ec4f3a0]" started-at="2024-09-26T12:42:15 IST" name="Setup" finished-at="2024-09-26T12:42:26 IST" duration-ms="10427" status="PASS">
          <reporter-output>
          </reporter-output>
        </test-method> <!-- Setup -->
        <test-method signature="ValidLogin()[pri:1, instance:testCases.LoginPage@4ec4f3a0]" started-at="2024-09-26T12:42:26 IST" name="ValidLogin" finished-at="2024-09-26T12:42:32 IST" duration-ms="6630" status="PASS">
          <reporter-output>
          </reporter-output>
        </test-method> <!-- ValidLogin -->
        <test-method signature="InValidLogin()[pri:2, instance:testCases.LoginPage@4ec4f3a0]" started-at="2024-09-26T12:42:32 IST" name="InValidLogin" finished-at="2024-09-26T12:42:38 IST" duration-ms="6076" status="PASS">
          <reporter-output>
          </reporter-output>
        </test-method> <!-- InValidLogin -->
        <test-method is-config="true" signature="tearDown()[pri:0, instance:testCases.LoginPage@4ec4f3a0]" started-at="2024-09-26T12:42:38 IST" name="tearDown" finished-at="2024-09-26T12:42:39 IST" duration-ms="312" status="PASS">
          <reporter-output>
          </reporter-output>
        </test-method> <!-- tearDown -->
      </class> <!-- testCases.LoginPage -->
      <class name="testCases.EmpCreationPagewithJSON">
        <test-method is-config="true" signature="Setup()[pri:0, instance:testCases.EmpCreationPagewithJSON@7f0eb4b4]" started-at="2024-09-26T12:41:23 IST" name="Setup" finished-at="2024-09-26T12:41:47 IST" duration-ms="24519" status="PASS">
          <reporter-output>
          </reporter-output>
        </test-method> <!-- Setup -->
        <test-method signature="CreateEmp()[pri:0, instance:testCases.EmpCreationPagewithJSON@7f0eb4b4]" started-at="2024-09-26T12:41:47 IST" name="CreateEmp" finished-at="2024-09-26T12:42:07 IST" duration-ms="19383" status="PASS">
          <reporter-output>
          </reporter-output>
        </test-method> <!-- CreateEmp -->
        <test-method signature="loginwithNewEmp()[pri:0, instance:testCases.EmpCreationPagewithJSON@7f0eb4b4]" started-at="2024-09-26T12:42:07 IST" name="loginwithNewEmp" finished-at="2024-09-26T12:42:14 IST" duration-ms="7524" status="PASS">
          <reporter-output>
          </reporter-output>
        </test-method> <!-- loginwithNewEmp -->
        <test-method is-config="true" signature="tearDown()[pri:0, instance:testCases.EmpCreationPagewithJSON@7f0eb4b4]" started-at="2024-09-26T12:42:14 IST" name="tearDown" finished-at="2024-09-26T12:42:15 IST" duration-ms="1089" status="PASS">
          <reporter-output>
          </reporter-output>
        </test-method> <!-- tearDown -->
      </class> <!-- testCases.EmpCreationPagewithJSON -->
    </test> <!-- OrangeCrm -->
  </suite> <!-- OrangeCrmTestCases -->
</testng-results>
