<?xml version="1.0" encoding="UTF-8"?>
<testng-results ignored="0" total="2" passed="2" failed="0" skipped="0">
  <reporter-output>
  </reporter-output>
  <suite started-at="2024-09-25T23:44:55 IST" name="Default suite" finished-at="2024-09-25T23:45:30 IST" duration-ms="35237">
    <groups>
    </groups>
    <test started-at="2024-09-25T23:44:55 IST" name="Default test" finished-at="2024-09-25T23:45:30 IST" duration-ms="35237">
      <class name="testCases.EmpCreationPagewithJSON">
        <test-method is-config="true" signature="Setup()[pri:0, instance:testCases.EmpCreationPagewithJSON@c8c12ac]" started-at="2024-09-25T23:44:55 IST" name="Setup" finished-at="2024-09-25T23:45:04 IST" duration-ms="9188" status="PASS">
          <reporter-output>
          </reporter-output>
        </test-method> <!-- Setup -->
        <test-method signature="CreateEmp()[pri:0, instance:testCases.EmpCreationPagewithJSON@c8c12ac]" started-at="2024-09-25T23:45:04 IST" name="CreateEmp" finished-at="2024-09-25T23:45:23 IST" duration-ms="19036" status="PASS">
          <reporter-output>
          </reporter-output>
        </test-method> <!-- CreateEmp -->
        <test-method signature="loginwithNewEmp()[pri:0, instance:testCases.EmpCreationPagewithJSON@c8c12ac]" started-at="2024-09-25T23:45:23 IST" name="loginwithNewEmp" finished-at="2024-09-25T23:45:29 IST" duration-ms="5819" status="PASS">
          <reporter-output>
          </reporter-output>
        </test-method> <!-- loginwithNewEmp -->
        <test-method is-config="true" signature="tearDown()[pri:0, instance:testCases.EmpCreationPagewithJSON@c8c12ac]" started-at="2024-09-25T23:45:29 IST" name="tearDown" finished-at="2024-09-25T23:45:30 IST" duration-ms="1128" status="PASS">
          <reporter-output>
          </reporter-output>
        </test-method> <!-- tearDown -->
      </class> <!-- testCases.EmpCreationPagewithJSON -->
    </test> <!-- Default test -->
  </suite> <!-- Default suite -->
</testng-results>
