<?xml version="1.0" encoding="UTF-8"?>
<!-- Generated by org.testng.reporters.JUnitXMLReporter -->
<testsuite ignored="0" hostname="DESKTOP-JAGJMDO" failures="0" tests="4" name="OrangeCrm" time="76.475" errors="0" timestamp="2024-09-26T12:42:40 IST">
  <testcase classname="testCases.EmpCreationPagewithJSON" name="CreateEmp" time="19.383"/>
  <testcase classname="testCases.EmpCreationPagewithJSON" name="loginwithNewEmp" time="7.524"/>
  <testcase classname="testCases.LoginPage" name="ValidLogin" time="6.63"/>
  <testcase classname="testCases.LoginPage" name="InValidLogin" time="6.076"/>
</testsuite> <!-- OrangeCrm -->
