<?xml version="1.0" encoding="UTF-8"?>
<!-- Generated by org.testng.reporters.JUnitXMLReporter -->
<testsuite ignored="0" hostname="DESKTOP-JAGJMDO" failures="0" tests="4" name="OrangeCrm" time="65.801" errors="0" timestamp="2024-09-25T21:00:39 IST">
  <testcase classname="testCases.EmpCreationPagewithJSON" name="CreateEmp" time="18.339"/>
  <testcase classname="testCases.EmpCreationPagewithJSON" name="loginwithNewEmp" time="7.148"/>
  <testcase classname="testCases.LoginPage" name="ValidLogin" time="7.243"/>
  <testcase classname="testCases.LoginPage" name="InValidLogin" time="7.742"/>
</testsuite> <!-- OrangeCrm -->
